#-----------------------------------------------------------
# Vivado v2016.1 (64-bit)
# SW Build 1538259 on Fri Apr  8 15:45:27 MDT 2016
# IP Build 1537824 on Fri Apr  8 04:28:57 MDT 2016
# Start of session at: Fri Jun 16 10:17:32 2017
# Process ID: 4116
# Current directory: C:/Users/Pedro/Desktop/prova PED2/projeto_fish
# Command line: vivado.exe -gui_launcher_event rodinguilauncherevent5860 C:\Users\Pedro\Desktop\prova PED2\projeto_fish\projeto_fish.xpr
# Log file: C:/Users/Pedro/Desktop/prova PED2/projeto_fish/vivado.log
# Journal file: C:/Users/Pedro/Desktop/prova PED2/projeto_fish\vivado.jou
#-----------------------------------------------------------
start_gui
open_project {C:/Users/Pedro/Desktop/prova PED2/projeto_fish/projeto_fish.xpr}
Scanning sources...
Finished scanning sources
INFO: [IP_Flow 19-234] Refreshing IP repositories
INFO: [IP_Flow 19-1704] No user IP repositories specified
INFO: [IP_Flow 19-2313] Loaded Vivado IP repository 'C:/.Xilinx/Vivado/2016.1/data/ip'.
open_project: Time (s): cpu = 00:00:13 ; elapsed = 00:00:12 . Memory (MB): peak = 712.348 ; gain = 115.625
update_compile_order -fileset sources_1
update_compile_order -fileset sim_1
update_compile_order -fileset sources_1
update_compile_order -fileset sim_1
exit
INFO: [Common 17-206] Exiting Vivado at Fri Jun 16 11:24:38 2017...
