#-----------------------------------------------------------
# Vivado v2016.4 (64-bit)
# SW Build 1756540 on Mon Jan 23 19:11:23 MST 2017
# IP Build 1755317 on Mon Jan 23 20:30:07 MST 2017
# Start of session at: Sat Jun 24 19:41:54 2017
# Process ID: 12960
# Current directory: D:/UNB/PED/Final/PED-master
# Command line: vivado.exe -gui_launcher_event rodinguilauncherevent8664 D:\UNB\PED\Final\PED-master\projeto_fish.xpr
# Log file: D:/UNB/PED/Final/PED-master/vivado.log
# Journal file: D:/UNB/PED/Final/PED-master\vivado.jou
#-----------------------------------------------------------
start_gui
open_project D:/UNB/PED/Final/PED-master/projeto_fish.xpr
INFO: [Project 1-313] Project file moved from 'C:/Users/guilh/Desktop/Vivado/projeto_fish' since last save.
Scanning sources...
Finished scanning sources
INFO: [IP_Flow 19-234] Refreshing IP repositories
INFO: [IP_Flow 19-1704] No user IP repositories specified
INFO: [IP_Flow 19-2313] Loaded Vivado IP repository 'C:/Xilinx/Vivado/2016.4/data/ip'.
open_project: Time (s): cpu = 00:00:09 ; elapsed = 00:00:08 . Memory (MB): peak = 734.449 ; gain = 74.094
synth_design -rtl -name rtl_1
Command: synth_design -rtl -name rtl_1
Starting synth_design
Using part: xc7a35tcpg236-1
Top: Main
---------------------------------------------------------------------------------
Starting RTL Elaboration : Time (s): cpu = 00:01:05 ; elapsed = 00:02:02 . Memory (MB): peak = 810.965 ; gain = 600.668
---------------------------------------------------------------------------------
INFO: [Synth 8-638] synthesizing module 'Main' [D:/UNB/PED/Final/PED-master/projeto_fish.srcs/sources_1/new/Main.vhd:13]
INFO: [Synth 8-3491] module 'MaquinaEstados' declared at 'D:/UNB/PED/Final/PED-master/projeto_fish.srcs/sources_1/new/MaquinaEstados.vhd:4' bound to instance 'G0' of component 'MaquinaEstados' [D:/UNB/PED/Final/PED-master/projeto_fish.srcs/sources_1/new/Main.vhd:38]
INFO: [Synth 8-638] synthesizing module 'MaquinaEstados' [D:/UNB/PED/Final/PED-master/projeto_fish.srcs/sources_1/new/MaquinaEstados.vhd:10]
ERROR: [Synth 8-426] missing choice(s) 4 to 5 in case statement [D:/UNB/PED/Final/PED-master/projeto_fish.srcs/sources_1/new/MaquinaEstados.vhd:25]
WARNING: [Synth 8-614] signal 'Modo' is read in the process but is not in the sensitivity list [D:/UNB/PED/Final/PED-master/projeto_fish.srcs/sources_1/new/MaquinaEstados.vhd:22]
ERROR: [Synth 8-285] failed synthesizing module 'MaquinaEstados' [D:/UNB/PED/Final/PED-master/projeto_fish.srcs/sources_1/new/MaquinaEstados.vhd:10]
ERROR: [Synth 8-285] failed synthesizing module 'Main' [D:/UNB/PED/Final/PED-master/projeto_fish.srcs/sources_1/new/Main.vhd:13]
---------------------------------------------------------------------------------
Finished RTL Elaboration : Time (s): cpu = 00:01:06 ; elapsed = 00:02:04 . Memory (MB): peak = 836.355 ; gain = 626.059
---------------------------------------------------------------------------------
RTL Elaboration failed
3 Infos, 1 Warnings, 0 Critical Warnings and 4 Errors encountered.
synth_design failed
ERROR: [Vivado_Tcl 4-5] Elaboration failed - please see the console for details
synth_design -rtl -name rtl_1
Command: synth_design -rtl -name rtl_1
Starting synth_design
Using part: xc7a35tcpg236-1
Top: Main
---------------------------------------------------------------------------------
Starting RTL Elaboration : Time (s): cpu = 00:01:16 ; elapsed = 00:02:17 . Memory (MB): peak = 839.359 ; gain = 629.063
---------------------------------------------------------------------------------
INFO: [Synth 8-638] synthesizing module 'Main' [D:/UNB/PED/Final/PED-master/projeto_fish.srcs/sources_1/new/Main.vhd:13]
INFO: [Synth 8-3491] module 'MaquinaEstados' declared at 'D:/UNB/PED/Final/PED-master/projeto_fish.srcs/sources_1/new/MaquinaEstados.vhd:4' bound to instance 'G0' of component 'MaquinaEstados' [D:/UNB/PED/Final/PED-master/projeto_fish.srcs/sources_1/new/Main.vhd:38]
INFO: [Synth 8-638] synthesizing module 'MaquinaEstados' [D:/UNB/PED/Final/PED-master/projeto_fish.srcs/sources_1/new/MaquinaEstados.vhd:10]
ERROR: [Synth 8-426] missing choice(s) 4 to 5 in case statement [D:/UNB/PED/Final/PED-master/projeto_fish.srcs/sources_1/new/MaquinaEstados.vhd:25]
WARNING: [Synth 8-614] signal 'Modo' is read in the process but is not in the sensitivity list [D:/UNB/PED/Final/PED-master/projeto_fish.srcs/sources_1/new/MaquinaEstados.vhd:22]
ERROR: [Synth 8-285] failed synthesizing module 'MaquinaEstados' [D:/UNB/PED/Final/PED-master/projeto_fish.srcs/sources_1/new/MaquinaEstados.vhd:10]
ERROR: [Synth 8-285] failed synthesizing module 'Main' [D:/UNB/PED/Final/PED-master/projeto_fish.srcs/sources_1/new/Main.vhd:13]
---------------------------------------------------------------------------------
Finished RTL Elaboration : Time (s): cpu = 00:01:17 ; elapsed = 00:02:18 . Memory (MB): peak = 839.359 ; gain = 629.063
---------------------------------------------------------------------------------
RTL Elaboration failed
3 Infos, 1 Warnings, 0 Critical Warnings and 4 Errors encountered.
synth_design failed
ERROR: [Vivado_Tcl 4-5] Elaboration failed - please see the console for details
synth_design -rtl -name rtl_1
Command: synth_design -rtl -name rtl_1
Starting synth_design
Using part: xc7a35tcpg236-1
Top: Main
---------------------------------------------------------------------------------
Starting RTL Elaboration : Time (s): cpu = 00:01:45 ; elapsed = 00:05:40 . Memory (MB): peak = 840.410 ; gain = 630.113
---------------------------------------------------------------------------------
INFO: [Synth 8-638] synthesizing module 'Main' [D:/UNB/PED/Final/PED-master/projeto_fish.srcs/sources_1/new/Main.vhd:13]
INFO: [Synth 8-3491] module 'MaquinaEstados' declared at 'D:/UNB/PED/Final/PED-master/projeto_fish.srcs/sources_1/new/MaquinaEstados.vhd:4' bound to instance 'G0' of component 'MaquinaEstados' [D:/UNB/PED/Final/PED-master/projeto_fish.srcs/sources_1/new/Main.vhd:38]
INFO: [Synth 8-638] synthesizing module 'MaquinaEstados' [D:/UNB/PED/Final/PED-master/projeto_fish.srcs/sources_1/new/MaquinaEstados.vhd:10]
WARNING: [Synth 8-614] signal 'Modo' is read in the process but is not in the sensitivity list [D:/UNB/PED/Final/PED-master/projeto_fish.srcs/sources_1/new/MaquinaEstados.vhd:22]
ERROR: [Synth 8-426] missing choice(s) 4 to 5 in case statement [D:/UNB/PED/Final/PED-master/projeto_fish.srcs/sources_1/new/MaquinaEstados.vhd:47]
WARNING: [Synth 8-614] signal 'Modo' is read in the process but is not in the sensitivity list [D:/UNB/PED/Final/PED-master/projeto_fish.srcs/sources_1/new/MaquinaEstados.vhd:44]
ERROR: [Synth 8-285] failed synthesizing module 'MaquinaEstados' [D:/UNB/PED/Final/PED-master/projeto_fish.srcs/sources_1/new/MaquinaEstados.vhd:10]
ERROR: [Synth 8-285] failed synthesizing module 'Main' [D:/UNB/PED/Final/PED-master/projeto_fish.srcs/sources_1/new/Main.vhd:13]
---------------------------------------------------------------------------------
Finished RTL Elaboration : Time (s): cpu = 00:01:45 ; elapsed = 00:05:42 . Memory (MB): peak = 843.414 ; gain = 633.117
---------------------------------------------------------------------------------
RTL Elaboration failed
3 Infos, 2 Warnings, 0 Critical Warnings and 4 Errors encountered.
synth_design failed
ERROR: [Vivado_Tcl 4-5] Elaboration failed - please see the console for details
synth_design -rtl -name rtl_1
Command: synth_design -rtl -name rtl_1
Starting synth_design
Using part: xc7a35tcpg236-1
Top: Main
---------------------------------------------------------------------------------
Starting RTL Elaboration : Time (s): cpu = 00:01:55 ; elapsed = 00:06:24 . Memory (MB): peak = 846.266 ; gain = 635.969
---------------------------------------------------------------------------------
INFO: [Synth 8-638] synthesizing module 'Main' [D:/UNB/PED/Final/PED-master/projeto_fish.srcs/sources_1/new/Main.vhd:13]
INFO: [Synth 8-3491] module 'MaquinaEstados' declared at 'D:/UNB/PED/Final/PED-master/projeto_fish.srcs/sources_1/new/MaquinaEstados.vhd:4' bound to instance 'G0' of component 'MaquinaEstados' [D:/UNB/PED/Final/PED-master/projeto_fish.srcs/sources_1/new/Main.vhd:38]
INFO: [Synth 8-638] synthesizing module 'MaquinaEstados' [D:/UNB/PED/Final/PED-master/projeto_fish.srcs/sources_1/new/MaquinaEstados.vhd:10]
WARNING: [Synth 8-614] signal 'Modo' is read in the process but is not in the sensitivity list [D:/UNB/PED/Final/PED-master/projeto_fish.srcs/sources_1/new/MaquinaEstados.vhd:22]
WARNING: [Synth 8-614] signal 'Modo' is read in the process but is not in the sensitivity list [D:/UNB/PED/Final/PED-master/projeto_fish.srcs/sources_1/new/MaquinaEstados.vhd:44]
INFO: [Synth 8-256] done synthesizing module 'MaquinaEstados' (1#1) [D:/UNB/PED/Final/PED-master/projeto_fish.srcs/sources_1/new/MaquinaEstados.vhd:10]
INFO: [Synth 8-3491] module 'MUX3x7' declared at 'D:/UNB/PED/Final/PED-master/projeto_fish.srcs/sources_1/new/MUX3x7.vhd:4' bound to instance 'G1' of component 'MUX3x7' [D:/UNB/PED/Final/PED-master/projeto_fish.srcs/sources_1/new/Main.vhd:39]
INFO: [Synth 8-638] synthesizing module 'MUX3x7' [D:/UNB/PED/Final/PED-master/projeto_fish.srcs/sources_1/new/MUX3x7.vhd:9]
ERROR: [Synth 8-426] missing choice(s) 32'b00000000000000000000000000000111 in case statement [D:/UNB/PED/Final/PED-master/projeto_fish.srcs/sources_1/new/MUX3x7.vhd:15]
ERROR: [Synth 8-285] failed synthesizing module 'MUX3x7' [D:/UNB/PED/Final/PED-master/projeto_fish.srcs/sources_1/new/MUX3x7.vhd:9]
ERROR: [Synth 8-285] failed synthesizing module 'Main' [D:/UNB/PED/Final/PED-master/projeto_fish.srcs/sources_1/new/Main.vhd:13]
---------------------------------------------------------------------------------
Finished RTL Elaboration : Time (s): cpu = 00:01:56 ; elapsed = 00:06:25 . Memory (MB): peak = 846.266 ; gain = 635.969
---------------------------------------------------------------------------------
RTL Elaboration failed
6 Infos, 2 Warnings, 0 Critical Warnings and 4 Errors encountered.
synth_design failed
ERROR: [Vivado_Tcl 4-5] Elaboration failed - please see the console for details
synth_design -rtl -name rtl_1
Command: synth_design -rtl -name rtl_1
Starting synth_design
Using part: xc7a35tcpg236-1
Top: Main
---------------------------------------------------------------------------------
Starting RTL Elaboration : Time (s): cpu = 00:02:08 ; elapsed = 00:07:20 . Memory (MB): peak = 849.625 ; gain = 639.328
---------------------------------------------------------------------------------
INFO: [Synth 8-638] synthesizing module 'Main' [D:/UNB/PED/Final/PED-master/projeto_fish.srcs/sources_1/new/Main.vhd:13]
INFO: [Synth 8-3491] module 'MaquinaEstados' declared at 'D:/UNB/PED/Final/PED-master/projeto_fish.srcs/sources_1/new/MaquinaEstados.vhd:4' bound to instance 'G0' of component 'MaquinaEstados' [D:/UNB/PED/Final/PED-master/projeto_fish.srcs/sources_1/new/Main.vhd:38]
INFO: [Synth 8-638] synthesizing module 'MaquinaEstados' [D:/UNB/PED/Final/PED-master/projeto_fish.srcs/sources_1/new/MaquinaEstados.vhd:10]
WARNING: [Synth 8-614] signal 'Modo' is read in the process but is not in the sensitivity list [D:/UNB/PED/Final/PED-master/projeto_fish.srcs/sources_1/new/MaquinaEstados.vhd:22]
WARNING: [Synth 8-614] signal 'Modo' is read in the process but is not in the sensitivity list [D:/UNB/PED/Final/PED-master/projeto_fish.srcs/sources_1/new/MaquinaEstados.vhd:44]
INFO: [Synth 8-256] done synthesizing module 'MaquinaEstados' (1#1) [D:/UNB/PED/Final/PED-master/projeto_fish.srcs/sources_1/new/MaquinaEstados.vhd:10]
INFO: [Synth 8-3491] module 'MUX3x7' declared at 'D:/UNB/PED/Final/PED-master/projeto_fish.srcs/sources_1/new/MUX3x7.vhd:4' bound to instance 'G1' of component 'MUX3x7' [D:/UNB/PED/Final/PED-master/projeto_fish.srcs/sources_1/new/Main.vhd:39]
INFO: [Synth 8-638] synthesizing module 'MUX3x7' [D:/UNB/PED/Final/PED-master/projeto_fish.srcs/sources_1/new/MUX3x7.vhd:9]
ERROR: [Synth 8-426] missing choice(s) 32'b00000000000000000000000000000111 in case statement [D:/UNB/PED/Final/PED-master/projeto_fish.srcs/sources_1/new/MUX3x7.vhd:15]
ERROR: [Synth 8-285] failed synthesizing module 'MUX3x7' [D:/UNB/PED/Final/PED-master/projeto_fish.srcs/sources_1/new/MUX3x7.vhd:9]
ERROR: [Synth 8-285] failed synthesizing module 'Main' [D:/UNB/PED/Final/PED-master/projeto_fish.srcs/sources_1/new/Main.vhd:13]
---------------------------------------------------------------------------------
Finished RTL Elaboration : Time (s): cpu = 00:02:09 ; elapsed = 00:07:20 . Memory (MB): peak = 849.625 ; gain = 639.328
---------------------------------------------------------------------------------
RTL Elaboration failed
6 Infos, 2 Warnings, 0 Critical Warnings and 4 Errors encountered.
synth_design failed
ERROR: [Vivado_Tcl 4-5] Elaboration failed - please see the console for details
synth_design -rtl -name rtl_1
Command: synth_design -rtl -name rtl_1
Starting synth_design
Using part: xc7a35tcpg236-1
Top: Main
---------------------------------------------------------------------------------
Starting RTL Elaboration : Time (s): cpu = 00:02:19 ; elapsed = 00:08:23 . Memory (MB): peak = 850.664 ; gain = 640.367
---------------------------------------------------------------------------------
INFO: [Synth 8-638] synthesizing module 'Main' [D:/UNB/PED/Final/PED-master/projeto_fish.srcs/sources_1/new/Main.vhd:13]
INFO: [Synth 8-3491] module 'MaquinaEstados' declared at 'D:/UNB/PED/Final/PED-master/projeto_fish.srcs/sources_1/new/MaquinaEstados.vhd:4' bound to instance 'G0' of component 'MaquinaEstados' [D:/UNB/PED/Final/PED-master/projeto_fish.srcs/sources_1/new/Main.vhd:38]
INFO: [Synth 8-638] synthesizing module 'MaquinaEstados' [D:/UNB/PED/Final/PED-master/projeto_fish.srcs/sources_1/new/MaquinaEstados.vhd:10]
WARNING: [Synth 8-614] signal 'Modo' is read in the process but is not in the sensitivity list [D:/UNB/PED/Final/PED-master/projeto_fish.srcs/sources_1/new/MaquinaEstados.vhd:22]
WARNING: [Synth 8-614] signal 'Modo' is read in the process but is not in the sensitivity list [D:/UNB/PED/Final/PED-master/projeto_fish.srcs/sources_1/new/MaquinaEstados.vhd:44]
INFO: [Synth 8-256] done synthesizing module 'MaquinaEstados' (1#1) [D:/UNB/PED/Final/PED-master/projeto_fish.srcs/sources_1/new/MaquinaEstados.vhd:10]
INFO: [Synth 8-3491] module 'MUX3x7' declared at 'D:/UNB/PED/Final/PED-master/projeto_fish.srcs/sources_1/new/MUX3x7.vhd:4' bound to instance 'G1' of component 'MUX3x7' [D:/UNB/PED/Final/PED-master/projeto_fish.srcs/sources_1/new/Main.vhd:39]
INFO: [Synth 8-638] synthesizing module 'MUX3x7' [D:/UNB/PED/Final/PED-master/projeto_fish.srcs/sources_1/new/MUX3x7.vhd:9]
INFO: [Synth 8-256] done synthesizing module 'MUX3x7' (2#1) [D:/UNB/PED/Final/PED-master/projeto_fish.srcs/sources_1/new/MUX3x7.vhd:9]
ERROR: [Synth 8-549] port width mismatch for port 'ProcessoSaida': port width = 7, actual width = 3 [D:/UNB/PED/Final/PED-master/projeto_fish.srcs/sources_1/new/Main.vhd:39]
ERROR: [Synth 8-549] port width mismatch for port 'Processo': port width = 3, actual width = 7 [D:/UNB/PED/Final/PED-master/projeto_fish.srcs/sources_1/new/Main.vhd:39]
INFO: [Synth 8-3491] module 'E0_Modo' declared at 'D:/UNB/PED/Final/PED-master/projeto_fish.srcs/sources_1/new/E0_Modo.vhd:4' bound to instance 'G2' of component 'E0_Modo' [D:/UNB/PED/Final/PED-master/projeto_fish.srcs/sources_1/new/Main.vhd:40]
ERROR: [Synth 8-285] failed synthesizing module 'Main' [D:/UNB/PED/Final/PED-master/projeto_fish.srcs/sources_1/new/Main.vhd:13]
---------------------------------------------------------------------------------
Finished RTL Elaboration : Time (s): cpu = 00:02:19 ; elapsed = 00:08:24 . Memory (MB): peak = 851.156 ; gain = 640.859
---------------------------------------------------------------------------------
RTL Elaboration failed
8 Infos, 2 Warnings, 0 Critical Warnings and 4 Errors encountered.
synth_design failed
ERROR: [Vivado_Tcl 4-5] Elaboration failed - please see the console for details
synth_design -rtl -name rtl_1
Command: synth_design -rtl -name rtl_1
Starting synth_design
Using part: xc7a35tcpg236-1
Top: Main
---------------------------------------------------------------------------------
Starting RTL Elaboration : Time (s): cpu = 00:02:38 ; elapsed = 00:11:23 . Memory (MB): peak = 881.523 ; gain = 671.227
---------------------------------------------------------------------------------
INFO: [Synth 8-638] synthesizing module 'Main' [D:/UNB/PED/Final/PED-master/projeto_fish.srcs/sources_1/new/Main.vhd:13]
INFO: [Synth 8-3491] module 'MaquinaEstados' declared at 'D:/UNB/PED/Final/PED-master/projeto_fish.srcs/sources_1/new/MaquinaEstados.vhd:4' bound to instance 'G0' of component 'MaquinaEstados' [D:/UNB/PED/Final/PED-master/projeto_fish.srcs/sources_1/new/Main.vhd:38]
INFO: [Synth 8-638] synthesizing module 'MaquinaEstados' [D:/UNB/PED/Final/PED-master/projeto_fish.srcs/sources_1/new/MaquinaEstados.vhd:10]
WARNING: [Synth 8-614] signal 'Modo' is read in the process but is not in the sensitivity list [D:/UNB/PED/Final/PED-master/projeto_fish.srcs/sources_1/new/MaquinaEstados.vhd:22]
WARNING: [Synth 8-614] signal 'Modo' is read in the process but is not in the sensitivity list [D:/UNB/PED/Final/PED-master/projeto_fish.srcs/sources_1/new/MaquinaEstados.vhd:44]
INFO: [Synth 8-256] done synthesizing module 'MaquinaEstados' (1#1) [D:/UNB/PED/Final/PED-master/projeto_fish.srcs/sources_1/new/MaquinaEstados.vhd:10]
WARNING: [Synth 8-5640] Port 'saida' is missing in component declaration [D:/UNB/PED/Final/PED-master/projeto_fish.srcs/sources_1/new/Main.vhd:21]
INFO: [Synth 8-3491] module 'MUX3x7' declared at 'D:/UNB/PED/Final/PED-master/projeto_fish.srcs/sources_1/new/MUX3x7.vhd:4' bound to instance 'G1' of component 'MUX3x7' [D:/UNB/PED/Final/PED-master/projeto_fish.srcs/sources_1/new/Main.vhd:39]
ERROR: [Synth 8-3493] module 'mux3x7' declared at 'D:/UNB/PED/Final/PED-master/projeto_fish.srcs/sources_1/new/MUX3x7.vhd:4' does not have matching formal port for component port 'processosaida' [D:/UNB/PED/Final/PED-master/projeto_fish.srcs/sources_1/new/Main.vhd:39]
INFO: [Synth 8-3491] module 'E0_Modo' declared at 'D:/UNB/PED/Final/PED-master/projeto_fish.srcs/sources_1/new/E0_Modo.vhd:4' bound to instance 'G2' of component 'E0_Modo' [D:/UNB/PED/Final/PED-master/projeto_fish.srcs/sources_1/new/Main.vhd:40]
ERROR: [Synth 8-285] failed synthesizing module 'Main' [D:/UNB/PED/Final/PED-master/projeto_fish.srcs/sources_1/new/Main.vhd:13]
---------------------------------------------------------------------------------
Finished RTL Elaboration : Time (s): cpu = 00:02:39 ; elapsed = 00:11:24 . Memory (MB): peak = 881.523 ; gain = 671.227
---------------------------------------------------------------------------------
RTL Elaboration failed
6 Infos, 3 Warnings, 0 Critical Warnings and 3 Errors encountered.
synth_design failed
ERROR: [Vivado_Tcl 4-5] Elaboration failed - please see the console for details
synth_design -rtl -name rtl_1
Command: synth_design -rtl -name rtl_1
Starting synth_design
Using part: xc7a35tcpg236-1
Top: Main
---------------------------------------------------------------------------------
Starting RTL Elaboration : Time (s): cpu = 00:02:50 ; elapsed = 00:12:12 . Memory (MB): peak = 881.523 ; gain = 671.227
---------------------------------------------------------------------------------
INFO: [Synth 8-638] synthesizing module 'Main' [D:/UNB/PED/Final/PED-master/projeto_fish.srcs/sources_1/new/Main.vhd:13]
INFO: [Synth 8-3491] module 'MaquinaEstados' declared at 'D:/UNB/PED/Final/PED-master/projeto_fish.srcs/sources_1/new/MaquinaEstados.vhd:4' bound to instance 'G0' of component 'MaquinaEstados' [D:/UNB/PED/Final/PED-master/projeto_fish.srcs/sources_1/new/Main.vhd:38]
INFO: [Synth 8-638] synthesizing module 'MaquinaEstados' [D:/UNB/PED/Final/PED-master/projeto_fish.srcs/sources_1/new/MaquinaEstados.vhd:10]
WARNING: [Synth 8-614] signal 'Modo' is read in the process but is not in the sensitivity list [D:/UNB/PED/Final/PED-master/projeto_fish.srcs/sources_1/new/MaquinaEstados.vhd:22]
WARNING: [Synth 8-614] signal 'Modo' is read in the process but is not in the sensitivity list [D:/UNB/PED/Final/PED-master/projeto_fish.srcs/sources_1/new/MaquinaEstados.vhd:44]
INFO: [Synth 8-256] done synthesizing module 'MaquinaEstados' (1#1) [D:/UNB/PED/Final/PED-master/projeto_fish.srcs/sources_1/new/MaquinaEstados.vhd:10]
INFO: [Synth 8-3491] module 'MUX3x7' declared at 'D:/UNB/PED/Final/PED-master/projeto_fish.srcs/sources_1/new/MUX3x7.vhd:4' bound to instance 'G1' of component 'MUX3x7' [D:/UNB/PED/Final/PED-master/projeto_fish.srcs/sources_1/new/Main.vhd:39]
INFO: [Synth 8-638] synthesizing module 'MUX3x7' [D:/UNB/PED/Final/PED-master/projeto_fish.srcs/sources_1/new/MUX3x7.vhd:9]
INFO: [Synth 8-256] done synthesizing module 'MUX3x7' (2#1) [D:/UNB/PED/Final/PED-master/projeto_fish.srcs/sources_1/new/MUX3x7.vhd:9]
INFO: [Synth 8-3491] module 'E0_Modo' declared at 'D:/UNB/PED/Final/PED-master/projeto_fish.srcs/sources_1/new/E0_Modo.vhd:4' bound to instance 'G2' of component 'E0_Modo' [D:/UNB/PED/Final/PED-master/projeto_fish.srcs/sources_1/new/Main.vhd:40]
INFO: [Synth 8-638] synthesizing module 'E0_Modo' [D:/UNB/PED/Final/PED-master/projeto_fish.srcs/sources_1/new/E0_Modo.vhd:11]
INFO: [Synth 8-256] done synthesizing module 'E0_Modo' (3#1) [D:/UNB/PED/Final/PED-master/projeto_fish.srcs/sources_1/new/E0_Modo.vhd:11]
INFO: [Synth 8-256] done synthesizing module 'Main' (4#1) [D:/UNB/PED/Final/PED-master/projeto_fish.srcs/sources_1/new/Main.vhd:13]
WARNING: [Synth 8-3331] design Main has unconnected port memoria
WARNING: [Synth 8-3331] design Main has unconnected port devivada
WARNING: [Synth 8-3331] design Main has unconnected port operacao[1]
WARNING: [Synth 8-3331] design Main has unconnected port operacao[0]
WARNING: [Synth 8-3331] design Main has unconnected port chave[4]
WARNING: [Synth 8-3331] design Main has unconnected port chave[3]
WARNING: [Synth 8-3331] design Main has unconnected port chave[2]
WARNING: [Synth 8-3331] design Main has unconnected port chave[1]
---------------------------------------------------------------------------------
Finished RTL Elaboration : Time (s): cpu = 00:02:51 ; elapsed = 00:12:13 . Memory (MB): peak = 881.523 ; gain = 671.227
---------------------------------------------------------------------------------

Report Check Netlist: 
+------+------------------+-------+---------+-------+------------------+
|      |Item              |Errors |Warnings |Status |Description       |
+------+------------------+-------+---------+-------+------------------+
|1     |multi_driven_nets |      0|        0|Passed |Multi driven nets |
+------+------------------+-------+---------+-------+------------------+
---------------------------------------------------------------------------------
Finished RTL Optimization Phase 1 : Time (s): cpu = 00:02:52 ; elapsed = 00:12:13 . Memory (MB): peak = 881.523 ; gain = 671.227
---------------------------------------------------------------------------------
INFO: [Device 21-403] Loading part xc7a35tcpg236-1
INFO: [Project 1-570] Preparing netlist for logic optimization

Processing XDC Constraints
Initializing timing engine
Completed Processing XDC Constraints

INFO: [Opt 31-138] Pushed 0 inverter(s) to 0 load pin(s).
INFO: [Project 1-111] Unisim Transformation Summary:
No Unisim elements were transformed.

RTL Elaboration Complete:  : Time (s): cpu = 00:03:12 ; elapsed = 00:12:35 . Memory (MB): peak = 1177.914 ; gain = 967.617
15 Infos, 10 Warnings, 0 Critical Warnings and 0 Errors encountered.
synth_design completed successfully
synth_design: Time (s): cpu = 00:00:27 ; elapsed = 00:00:29 . Memory (MB): peak = 1177.914 ; gain = 296.391
refresh_design
---------------------------------------------------------------------------------
Starting RTL Elaboration : Time (s): cpu = 00:03:33 ; elapsed = 00:14:10 . Memory (MB): peak = 1177.914 ; gain = 967.617
---------------------------------------------------------------------------------
INFO: [Synth 8-638] synthesizing module 'Main' [D:/UNB/PED/Final/PED-master/projeto_fish.srcs/sources_1/new/Main.vhd:13]
INFO: [Synth 8-3491] module 'E0_Modo' declared at 'D:/UNB/PED/Final/PED-master/projeto_fish.srcs/sources_1/new/E0_Modo.vhd:4' bound to instance 'G0' of component 'E0_Modo' [D:/UNB/PED/Final/PED-master/projeto_fish.srcs/sources_1/new/Main.vhd:38]
INFO: [Synth 8-638] synthesizing module 'E0_Modo' [D:/UNB/PED/Final/PED-master/projeto_fish.srcs/sources_1/new/E0_Modo.vhd:11]
INFO: [Synth 8-256] done synthesizing module 'E0_Modo' (1#1) [D:/UNB/PED/Final/PED-master/projeto_fish.srcs/sources_1/new/E0_Modo.vhd:11]
INFO: [Synth 8-3491] module 'MaquinaEstados' declared at 'D:/UNB/PED/Final/PED-master/projeto_fish.srcs/sources_1/new/MaquinaEstados.vhd:4' bound to instance 'G1' of component 'MaquinaEstados' [D:/UNB/PED/Final/PED-master/projeto_fish.srcs/sources_1/new/Main.vhd:39]
INFO: [Synth 8-638] synthesizing module 'MaquinaEstados' [D:/UNB/PED/Final/PED-master/projeto_fish.srcs/sources_1/new/MaquinaEstados.vhd:10]
WARNING: [Synth 8-614] signal 'Modo' is read in the process but is not in the sensitivity list [D:/UNB/PED/Final/PED-master/projeto_fish.srcs/sources_1/new/MaquinaEstados.vhd:22]
WARNING: [Synth 8-614] signal 'Modo' is read in the process but is not in the sensitivity list [D:/UNB/PED/Final/PED-master/projeto_fish.srcs/sources_1/new/MaquinaEstados.vhd:44]
INFO: [Synth 8-256] done synthesizing module 'MaquinaEstados' (2#1) [D:/UNB/PED/Final/PED-master/projeto_fish.srcs/sources_1/new/MaquinaEstados.vhd:10]
INFO: [Synth 8-3491] module 'MUX3x7' declared at 'D:/UNB/PED/Final/PED-master/projeto_fish.srcs/sources_1/new/MUX3x7.vhd:4' bound to instance 'G2' of component 'MUX3x7' [D:/UNB/PED/Final/PED-master/projeto_fish.srcs/sources_1/new/Main.vhd:40]
INFO: [Synth 8-638] synthesizing module 'MUX3x7' [D:/UNB/PED/Final/PED-master/projeto_fish.srcs/sources_1/new/MUX3x7.vhd:9]
INFO: [Synth 8-256] done synthesizing module 'MUX3x7' (3#1) [D:/UNB/PED/Final/PED-master/projeto_fish.srcs/sources_1/new/MUX3x7.vhd:9]
INFO: [Synth 8-256] done synthesizing module 'Main' (4#1) [D:/UNB/PED/Final/PED-master/projeto_fish.srcs/sources_1/new/Main.vhd:13]
WARNING: [Synth 8-3331] design Main has unconnected port memoria
WARNING: [Synth 8-3331] design Main has unconnected port devivada
WARNING: [Synth 8-3331] design Main has unconnected port operacao[1]
WARNING: [Synth 8-3331] design Main has unconnected port operacao[0]
WARNING: [Synth 8-3331] design Main has unconnected port chave[4]
WARNING: [Synth 8-3331] design Main has unconnected port chave[3]
WARNING: [Synth 8-3331] design Main has unconnected port chave[2]
WARNING: [Synth 8-3331] design Main has unconnected port chave[1]
---------------------------------------------------------------------------------
Finished RTL Elaboration : Time (s): cpu = 00:03:34 ; elapsed = 00:14:11 . Memory (MB): peak = 1177.914 ; gain = 967.617
---------------------------------------------------------------------------------

Report Check Netlist: 
+------+------------------+-------+---------+-------+------------------+
|      |Item              |Errors |Warnings |Status |Description       |
+------+------------------+-------+---------+-------+------------------+
|1     |multi_driven_nets |      0|        0|Passed |Multi driven nets |
+------+------------------+-------+---------+-------+------------------+
---------------------------------------------------------------------------------
Finished RTL Optimization Phase 1 : Time (s): cpu = 00:03:34 ; elapsed = 00:14:12 . Memory (MB): peak = 1177.914 ; gain = 967.617
---------------------------------------------------------------------------------
INFO: [Project 1-570] Preparing netlist for logic optimization

Processing XDC Constraints
Initializing timing engine
Completed Processing XDC Constraints

INFO: [Opt 31-138] Pushed 0 inverter(s) to 0 load pin(s).
refresh_design: Time (s): cpu = 00:00:21 ; elapsed = 00:00:16 . Memory (MB): peak = 1197.746 ; gain = 19.832
close [ open D:/UNB/PED/Final/PED-master/projeto_fish.srcs/sources_1/new/Demux11x1.vhd w ]
add_files D:/UNB/PED/Final/PED-master/projeto_fish.srcs/sources_1/new/Demux11x1.vhd
exit
INFO: [Common 17-206] Exiting Vivado at Sat Jun 24 21:00:12 2017...
