Exception at PC 0x000007FEA442BB93
Printing stacktrace...

Exception at PC 0x000007FEFDD29E5D
Exception at PC 0x000007FEFDD29E5D
Exception at PC 0x000007FEFDD29E5D
Exception at PC 0x000007FEFDD29E5D
Exception at PC 0x000007FEFDD29E5D
Exception at PC 0x000007FEFDD29E5D
Exception at PC 0x000007FEFDD29E5D
Exception at PC 0x000007FEFDD29E5D
Exception at PC 0x000007FEFDD29E5D
Exception at PC 0x000007FEFDD29E5D
Exception at PC 0x000007FEFDD29E5D
Exception at PC 0x000007FEFDD29E5D
Exception at PC 0x000007FEFDD29E5D
Exception at PC 0x000007FEFDD29E5D
[0]  [0x000007FEA442BB93]
[1]  [0x000007FEA442BB93]
[2]  [0x000007FEA442B4A1]
[3]  [0x000007FEA442B3EF]
[4]  [0x000007FEA44119FE]
[5]  [0x000007FEA4410ED1]
[6]  [0x000007FEA4410D76]
[7]  [0x000007FEA43B79F6]
[8]  [0x000007FEA43A7AFB]
[9]  [0x000007FEA44CE90A]
[10]  [0x000007FEA44E9F87]
[11]  [0x000007FEA44EA05F]
[12] (BaseThreadInitThunk+0xd) [0x0000000077B1652D]
[13] (RtlUserThreadStart+0x21) [0x0000000077C4C541]
Done
Exception at PC 0x000007FEFDD29E5D
Exception at PC 0x000007FEFDD29E5D
Exception at PC 0x000007FEFDD29E5D
