Exception at PC 0x00007FFF2E79BB93
Printing stacktrace...

Exception at PC 0x00007FFF95133C58
Exception at PC 0x00007FFF95133C58
Exception at PC 0x00007FFF95133C58
Exception at PC 0x00007FFF95133C58
Exception at PC 0x00007FFF95133C58
Exception at PC 0x00007FFF95133C58
Exception at PC 0x00007FFF95133C58
Exception at PC 0x00007FFF95133C58
Exception at PC 0x00007FFF95133C58
Exception at PC 0x00007FFF95133C58
Exception at PC 0x00007FFF95133C58
Exception at PC 0x00007FFF95133C58
Exception at PC 0x00007FFF95133C58
Exception at PC 0x00007FFF95133C58
Exception at PC 0x00007FFF95133C58
Exception at PC 0x00007FFF95133C58
Exception at PC 0x00007FFF95133C58
[0]  [0x00007FFF2E79BB93]
[1]  [0x00007FFF2E79BB93]
[2]  [0x00007FFF2E79B4A1]
[3]  [0x00007FFF2E79B3EF]
[4]  [0x00007FFF2E7819FE]
[5]  [0x00007FFF2E780ED1]
[6]  [0x00007FFF2E780D76]
[7]  [0x00007FFF2E7279F6]
[8]  [0x00007FFF2E717AFB]
[9]  [0x00007FFF2E83E90A]
[10]  [0x00007FFF2E859F87]
[11]  [0x00007FFF2E85A05F]
[12] (BaseThreadInitThunk+0x14) [0x00007FFF960B8364]
[13] (RtlUserThreadStart+0x21) [0x00007FFF985170D1]
Done
Exception at PC 0x00007FFF95133C58
Exception at PC 0x00007FFF95133C58
Exception at PC 0x00007FFF95133C58
Exception at PC 0x00007FFF95133C58
