Unable to capture context for thread 11156 in process 11112, can not generate back trace
Unable to capture context for thread 8540 in process 11112, can not generate back trace
Unable to capture context for thread 10892 in process 11112, can not generate back trace
Unable to capture context for thread 11272 in process 11112, can not generate back trace
Unable to capture context for thread 7468 in process 11112, can not generate back trace
Unable to capture context for thread 11648 in process 11112, can not generate back trace
Exception at PC 0x00007FFE98AA9E08
Unable to capture context for thread 11632 in process 11112, can not generate back trace
Exception at PC 0x00007FFE98AA9E08
Unable to capture context for thread 11632 in process 11112, can not generate back trace
Unable to capture context for thread 3728 in process 11112, can not generate back trace
Unable to capture context for thread 11380 in process 11112, can not generate back trace
Exception at PC 0x00007FFE36C6BB93
Printing stacktrace...

Exception at PC 0x00007FFE98AA9E08
Exception at PC 0x00007FFE98AA9E08
Exception at PC 0x00007FFE98AA9E08
Exception at PC 0x00007FFE98AA9E08
Exception at PC 0x00007FFE98AA9E08
Exception at PC 0x00007FFE98AA9E08
Exception at PC 0x00007FFE98AA9E08
Exception at PC 0x00007FFE98AA9E08
Exception at PC 0x00007FFE98AA9E08
Exception at PC 0x00007FFE98AA9E08
Exception at PC 0x00007FFE98AA9E08
Exception at PC 0x00007FFE98AA9E08
Exception at PC 0x00007FFE98AA9E08
Exception at PC 0x00007FFE98AA9E08
Exception at PC 0x00007FFE98AA9E08
Exception at PC 0x00007FFE98AA9E08
Exception at PC 0x00007FFE98AA9E08
Exception at PC 0x00007FFE98AA9E08
[0]  [0x00007FFE36C6BB93]
[1]  [0x00007FFE36C6BB93]
[2]  [0x00007FFE36C6B4A1]
[3]  [0x00007FFE36C6B3EF]
[4]  [0x00007FFE36C519FE]
[5]  [0x00007FFE36C50ED1]
[6]  [0x00007FFE36C50D76]
[7]  [0x00007FFE36BF79F6]
[8]  [0x00007FFE36BE7AFB]
[9]  [0x00007FFE36D0E90A]
[10]  [0x00007FFE36D29F87]
[11]  [0x00007FFE36D2A05F]
[12] (BaseThreadInitThunk+0x14) [0x00007FFE9BC92774]
[13] (RtlUserThreadStart+0x21) [0x00007FFE9C590D61]
Done
