INFO: [VRFC 10-163] Analyzing VHDL file "C:/Users/Eduardo Yoshida/Documents/GitHub/PED/projeto_fish.srcs/sources_1/new/MaquinaEstados_Coef.vhd" into library xil_defaultlib
INFO: [VRFC 10-307] analyzing entity MaquinaEstados_Coef
INFO: [VRFC 10-163] Analyzing VHDL file "C:/Users/Eduardo Yoshida/Documents/GitHub/PED/projeto_fish.srcs/sources_1/new/coef_est.vhd" into library xil_defaultlib
INFO: [VRFC 10-307] analyzing entity coef_est
INFO: [VRFC 10-163] Analyzing VHDL file "C:/Users/Eduardo Yoshida/Documents/GitHub/PED/projeto_fish.srcs/sources_1/new/Pol_Grau.vhd" into library xil_defaultlib
INFO: [VRFC 10-307] analyzing entity Pol_Grau
INFO: [VRFC 10-163] Analyzing VHDL file "C:/Users/Eduardo Yoshida/Documents/GitHub/PED/projeto_fish.srcs/sources_1/new/MUX3x7.vhd" into library xil_defaultlib
INFO: [VRFC 10-307] analyzing entity MUX3x7
INFO: [VRFC 10-163] Analyzing VHDL file "C:/Users/Eduardo Yoshida/Documents/GitHub/PED/projeto_fish.srcs/sources_1/new/MaquinaEstados.vhd" into library xil_defaultlib
INFO: [VRFC 10-307] analyzing entity MaquinaEstados
INFO: [VRFC 10-163] Analyzing VHDL file "C:/Users/Eduardo Yoshida/Documents/GitHub/PED/projeto_fish.srcs/sources_1/new/E0_Modo.vhd" into library xil_defaultlib
INFO: [VRFC 10-307] analyzing entity E0_Modo
INFO: [VRFC 10-163] Analyzing VHDL file "C:/Users/Eduardo Yoshida/Documents/GitHub/PED/projeto_fish.srcs/sources_1/new/Coeficiente.vhd" into library xil_defaultlib
INFO: [VRFC 10-307] analyzing entity Coeficiente
INFO: [VRFC 10-163] Analyzing VHDL file "C:/Users/Eduardo Yoshida/Documents/GitHub/PED/projeto_fish.srcs/sources_1/new/Main.vhd" into library xil_defaultlib
INFO: [VRFC 10-307] analyzing entity Main
INFO: [VRFC 10-163] Analyzing VHDL file "C:/Users/Eduardo Yoshida/Documents/GitHub/PED/projeto_fish.srcs/sources_1/new/polinomios.vhd" into library xil_defaultlib
INFO: [VRFC 10-307] analyzing entity polinomios
INFO: [VRFC 10-163] Analyzing VHDL file "C:/Users/Eduardo Yoshida/Documents/GitHub/PED/projeto_fish.srcs/sources_1/new/ValorPolinomio.vhd" into library xil_defaultlib
INFO: [VRFC 10-307] analyzing entity ValorPolinomio
INFO: [VRFC 10-163] Analyzing VHDL file "C:/Users/Eduardo Yoshida/Documents/GitHub/PED/projeto_fish.srcs/sources_1/new/GrauPolinomio.vhd" into library xil_defaultlib
INFO: [VRFC 10-307] analyzing entity GrauPolinomio
INFO: [VRFC 10-163] Analyzing VHDL file "C:/Users/Eduardo Yoshida/Documents/GitHub/PED/projeto_fish.srcs/sources_1/new/BinBCD.vhd" into library xil_defaultlib
INFO: [VRFC 10-307] analyzing entity BinBCD
INFO: [VRFC 10-163] Analyzing VHDL file "C:/Users/Eduardo Yoshida/Documents/GitHub/PED/projeto_fish.srcs/sources_1/new/BCD_7seg.vhd" into library xil_defaultlib
INFO: [VRFC 10-307] analyzing entity BCD_7seg
INFO: [VRFC 10-163] Analyzing VHDL file "C:/Users/Eduardo Yoshida/Documents/GitHub/PED/projeto_fish.srcs/sources_1/new/divisor_clk.vhd" into library xil_defaultlib
INFO: [VRFC 10-307] analyzing entity divisor_clk
INFO: [VRFC 10-163] Analyzing VHDL file "C:/Users/Eduardo Yoshida/Documents/GitHub/PED/projeto_fish.srcs/sources_1/new/Mux.vhd" into library xil_defaultlib
INFO: [VRFC 10-307] analyzing entity Mux
INFO: [VRFC 10-163] Analyzing VHDL file "C:/Users/Eduardo Yoshida/Documents/GitHub/PED/projeto_fish.srcs/sources_1/new/divisor_clk2.vhd" into library xil_defaultlib
INFO: [VRFC 10-307] analyzing entity divisor_clk2
INFO: [VRFC 10-163] Analyzing VHDL file "C:/Users/Eduardo Yoshida/Documents/GitHub/PED/projeto_fish.srcs/sources_1/new/Teste_Contador.vhd" into library xil_defaultlib
INFO: [VRFC 10-307] analyzing entity Teste_Contador
